0 info it worked if it ends with ok
1 verbose cli [ '/usr/bin/nodejs', '/usr/bin/npm', 'start' ]
2 info using npm@1.3.10
3 info using node@v0.10.25
4 error Failed to parse json
4 error Unexpected token s
5 error File: /media/azad/codepack/rabta/rentmojo/package.json
6 error Failed to parse package.json data.
6 error package.json must be actual JSON, not just JavaScript.
6 error
6 error This is not a bug in npm.
6 error Tell the package author to fix their package.json file. JSON.parse
7 error System Linux 3.13.0-65-generic
8 error command "/usr/bin/nodejs" "/usr/bin/npm" "start"
9 error cwd /media/azad/codepack/rabta/rentmojo
10 error node -v v0.10.25
11 error npm -v 1.3.10
12 error file /media/azad/codepack/rabta/rentmojo/package.json
13 error code EJSONPARSE
14 verbose exit [ 1, true ]
